Total Parameters: 1,821,813,760
Trainable Parameters: 18,350,080
Percentage of Trainable Parameters: 1.01%
{'loss': 1.8196, 'grad_norm': 0.2794031500816345, 'learning_rate': 1.9702292348913367e-05, 'epoch': 0.01}
{'loss': 1.7315, 'grad_norm': 0.2251615673303604, 'learning_rate': 1.9404584697826735e-05, 'epoch': 0.03}
{'loss': 1.7183, 'grad_norm': 0.2608480155467987, 'learning_rate': 1.9106877046740103e-05, 'epoch': 0.04}
{'loss': 1.7165, 'grad_norm': 0.2677316963672638, 'learning_rate': 1.8809169395653472e-05, 'epoch': 0.06}
{'loss': 1.7176, 'grad_norm': 0.2519634962081909, 'learning_rate': 1.8511461744566837e-05, 'epoch': 0.07}
{'loss': 1.7144, 'grad_norm': 0.272367924451828, 'learning_rate': 1.8213754093480205e-05, 'epoch': 0.09}
{'loss': 1.7118, 'grad_norm': 0.30119428038597107, 'learning_rate': 1.791604644239357e-05, 'epoch': 0.1}
{'loss': 1.7097, 'grad_norm': 0.3413730263710022, 'learning_rate': 1.761833879130694e-05, 'epoch': 0.12}
{'loss': 1.7076, 'grad_norm': 0.2607541084289551, 'learning_rate': 1.7320631140220307e-05, 'epoch': 0.13}
{'loss': 1.7106, 'grad_norm': 0.30920711159706116, 'learning_rate': 1.7022923489133672e-05, 'epoch': 0.15}
{'loss': 1.714, 'grad_norm': 0.26998379826545715, 'learning_rate': 1.672521583804704e-05, 'epoch': 0.16}
{'loss': 1.7137, 'grad_norm': 0.2766747772693634, 'learning_rate': 1.6427508186960405e-05, 'epoch': 0.18}
{'loss': 1.7106, 'grad_norm': 0.23280152678489685, 'learning_rate': 1.6129800535873774e-05, 'epoch': 0.19}
{'loss': 1.7087, 'grad_norm': 0.2655079960823059, 'learning_rate': 1.583209288478714e-05, 'epoch': 0.21}
{'loss': 1.712, 'grad_norm': 0.27071213722229004, 'learning_rate': 1.5534385233700507e-05, 'epoch': 0.22}
{'loss': 1.7024, 'grad_norm': 0.2568703591823578, 'learning_rate': 1.5236677582613874e-05, 'epoch': 0.24}
{'loss': 1.7013, 'grad_norm': 0.2588777244091034, 'learning_rate': 1.493896993152724e-05, 'epoch': 0.25}
{'loss': 1.7073, 'grad_norm': 0.28065621852874756, 'learning_rate': 1.4641262280440609e-05, 'epoch': 0.27}
{'loss': 1.7031, 'grad_norm': 0.260299950838089, 'learning_rate': 1.4343554629353976e-05, 'epoch': 0.28}
{'loss': 1.7007, 'grad_norm': 0.28279343247413635, 'learning_rate': 1.4045846978267344e-05, 'epoch': 0.3}
{'loss': 1.6985, 'grad_norm': 0.30633559823036194, 'learning_rate': 1.3748139327180709e-05, 'epoch': 0.31}
{'loss': 1.6975, 'grad_norm': 0.2673194408416748, 'learning_rate': 1.3450431676094076e-05, 'epoch': 0.33}
{'loss': 1.6977, 'grad_norm': 0.26838552951812744, 'learning_rate': 1.3152724025007444e-05, 'epoch': 0.34}
{'loss': 1.7101, 'grad_norm': 0.27429717779159546, 'learning_rate': 1.285501637392081e-05, 'epoch': 0.36}
{'loss': 1.7029, 'grad_norm': 0.27818676829338074, 'learning_rate': 1.2557308722834178e-05, 'epoch': 0.37}
{'loss': 1.7052, 'grad_norm': 0.28019773960113525, 'learning_rate': 1.2259601071747544e-05, 'epoch': 0.39}
{'loss': 1.7032, 'grad_norm': 0.28891515731811523, 'learning_rate': 1.1961893420660913e-05, 'epoch': 0.4}
{'loss': 1.7063, 'grad_norm': 0.2721976041793823, 'learning_rate': 1.166418576957428e-05, 'epoch': 0.42}
{'loss': 1.706, 'grad_norm': 0.2679930329322815, 'learning_rate': 1.1366478118487648e-05, 'epoch': 0.43}
{'loss': 1.6961, 'grad_norm': 0.2807978391647339, 'learning_rate': 1.1068770467401013e-05, 'epoch': 0.45}
{'loss': 1.6995, 'grad_norm': 0.26046445965766907, 'learning_rate': 1.077106281631438e-05, 'epoch': 0.46}
{'loss': 1.7065, 'grad_norm': 0.28889399766921997, 'learning_rate': 1.0473355165227748e-05, 'epoch': 0.48}
{'loss': 1.702, 'grad_norm': 0.30004894733428955, 'learning_rate': 1.0175647514141113e-05, 'epoch': 0.49}
{'loss': 1.6974, 'grad_norm': 0.301698237657547, 'learning_rate': 9.877939863054481e-06, 'epoch': 0.51}
{'loss': 1.6973, 'grad_norm': 0.27185964584350586, 'learning_rate': 9.580232211967848e-06, 'epoch': 0.52}
{'loss': 1.7064, 'grad_norm': 0.28945085406303406, 'learning_rate': 9.282524560881215e-06, 'epoch': 0.54}
{'loss': 1.6998, 'grad_norm': 0.3068872094154358, 'learning_rate': 8.984816909794583e-06, 'epoch': 0.55}
{'loss': 1.7028, 'grad_norm': 0.2934013605117798, 'learning_rate': 8.68710925870795e-06, 'epoch': 0.57}
{'loss': 1.7064, 'grad_norm': 0.28661760687828064, 'learning_rate': 8.389401607621317e-06, 'epoch': 0.58}
{'loss': 1.7027, 'grad_norm': 0.3041934370994568, 'learning_rate': 8.091693956534685e-06, 'epoch': 0.6}
{'loss': 1.7052, 'grad_norm': 0.33509770035743713, 'learning_rate': 7.79398630544805e-06, 'epoch': 0.61}
{'loss': 1.7012, 'grad_norm': 0.30125856399536133, 'learning_rate': 7.4962786543614175e-06, 'epoch': 0.63}
{'loss': 1.6939, 'grad_norm': 0.32139700651168823, 'learning_rate': 7.198571003274785e-06, 'epoch': 0.64}
{'loss': 1.6954, 'grad_norm': 0.30521950125694275, 'learning_rate': 6.900863352188152e-06, 'epoch': 0.65}
{'loss': 1.6996, 'grad_norm': 0.280291348695755, 'learning_rate': 6.603155701101519e-06, 'epoch': 0.67}
{'loss': 1.7011, 'grad_norm': 0.3082108199596405, 'learning_rate': 6.305448050014886e-06, 'epoch': 0.68}
{'loss': 1.7037, 'grad_norm': 0.3118605613708496, 'learning_rate': 6.0077403989282536e-06, 'epoch': 0.7}
{'loss': 1.693, 'grad_norm': 0.28488656878471375, 'learning_rate': 5.710032747841619e-06, 'epoch': 0.71}
{'loss': 1.6991, 'grad_norm': 0.2737762928009033, 'learning_rate': 5.412325096754987e-06, 'epoch': 0.73}
{'loss': 1.6892, 'grad_norm': 0.2996061444282532, 'learning_rate': 5.114617445668354e-06, 'epoch': 0.74}
{'loss': 1.6948, 'grad_norm': 0.32783347368240356, 'learning_rate': 4.816909794581721e-06, 'epoch': 0.76}
{'loss': 1.6981, 'grad_norm': 0.30498841404914856, 'learning_rate': 4.519202143495089e-06, 'epoch': 0.77}
{'loss': 1.6982, 'grad_norm': 0.3048539161682129, 'learning_rate': 4.221494492408455e-06, 'epoch': 0.79}
{'loss': 1.6971, 'grad_norm': 0.30342844128608704, 'learning_rate': 3.923786841321822e-06, 'epoch': 0.8}
{'loss': 1.7006, 'grad_norm': 0.2874454855918884, 'learning_rate': 3.6260791902351893e-06, 'epoch': 0.82}
{'loss': 1.6942, 'grad_norm': 0.3093692362308502, 'learning_rate': 3.3283715391485564e-06, 'epoch': 0.83}
{'loss': 1.702, 'grad_norm': 0.29072874784469604, 'learning_rate': 3.030663888061923e-06, 'epoch': 0.85}
{'loss': 1.6979, 'grad_norm': 0.31104785203933716, 'learning_rate': 2.7329562369752902e-06, 'epoch': 0.86}
{'loss': 1.6971, 'grad_norm': 0.31157663464546204, 'learning_rate': 2.4352485858886578e-06, 'epoch': 0.88}
{'loss': 1.703, 'grad_norm': 0.3090671896934509, 'learning_rate': 2.1375409348020245e-06, 'epoch': 0.89}
{'loss': 1.6939, 'grad_norm': 0.2871895730495453, 'learning_rate': 1.8398332837153918e-06, 'epoch': 0.91}
{'loss': 1.697, 'grad_norm': 0.28390201926231384, 'learning_rate': 1.5421256326287587e-06, 'epoch': 0.92}
{'loss': 1.6984, 'grad_norm': 0.28237253427505493, 'learning_rate': 1.2444179815421257e-06, 'epoch': 0.94}
{'loss': 1.6997, 'grad_norm': 0.30002591013908386, 'learning_rate': 9.467103304554928e-07, 'epoch': 0.95}
{'loss': 1.6942, 'grad_norm': 0.3051328957080841, 'learning_rate': 6.490026793688599e-07, 'epoch': 0.97}
{'loss': 1.693, 'grad_norm': 0.3118803799152374, 'learning_rate': 3.5129502828222687e-07, 'epoch': 0.98}
{'loss': 1.6957, 'grad_norm': 0.30857789516448975, 'learning_rate': 5.358737719559393e-08, 'epoch': 1.0}
{'eval_loss': 1.6990286111831665, 'eval_runtime': 1475.9208, 'eval_samples_per_second': 60.692, 'eval_steps_per_second': 15.173, 'epoch': 1.0}
{'train_runtime': 44138.6037, 'train_samples_per_second': 18.265, 'train_steps_per_second': 0.761, 'train_loss': 1.7046730825112455, 'epoch': 1.0}
Training complete. Model and tokenizer saved at: qlora_20241129_094944_sid
