Total Parameters: 3,212,749,824
Trainable Parameters: 3,212,749,824
Percentage of Trainable Parameters: 100.00%
{'loss': 1.7184, 'grad_norm': 2.90625, 'learning_rate': 1.9702292348913367e-05, 'epoch': 0.01}
{'loss': 1.708, 'grad_norm': 2.609375, 'learning_rate': 1.9404584697826735e-05, 'epoch': 0.03}
{'loss': 1.6938, 'grad_norm': 2.859375, 'learning_rate': 1.9106877046740103e-05, 'epoch': 0.04}
{'loss': 1.6909, 'grad_norm': 2.734375, 'learning_rate': 1.8809169395653472e-05, 'epoch': 0.06}
{'loss': 1.6898, 'grad_norm': 2.609375, 'learning_rate': 1.8511461744566837e-05, 'epoch': 0.07}
{'loss': 1.6849, 'grad_norm': 2.703125, 'learning_rate': 1.8213754093480205e-05, 'epoch': 0.09}
{'loss': 1.6816, 'grad_norm': 2.90625, 'learning_rate': 1.791604644239357e-05, 'epoch': 0.1}
{'loss': 1.6774, 'grad_norm': 2.546875, 'learning_rate': 1.761833879130694e-05, 'epoch': 0.12}
{'loss': 1.6744, 'grad_norm': 2.671875, 'learning_rate': 1.7320631140220307e-05, 'epoch': 0.13}
{'loss': 1.6773, 'grad_norm': 2.765625, 'learning_rate': 1.7022923489133672e-05, 'epoch': 0.15}
{'loss': 1.6787, 'grad_norm': 2.765625, 'learning_rate': 1.672521583804704e-05, 'epoch': 0.16}
{'loss': 1.6784, 'grad_norm': 2.609375, 'learning_rate': 1.6427508186960405e-05, 'epoch': 0.18}
{'loss': 1.6744, 'grad_norm': 2.4375, 'learning_rate': 1.6129800535873774e-05, 'epoch': 0.19}
{'loss': 1.6718, 'grad_norm': 2.59375, 'learning_rate': 1.583209288478714e-05, 'epoch': 0.21}
{'loss': 1.6742, 'grad_norm': 2.703125, 'learning_rate': 1.5534385233700507e-05, 'epoch': 0.22}
{'loss': 1.664, 'grad_norm': 2.609375, 'learning_rate': 1.5236677582613874e-05, 'epoch': 0.24}
{'loss': 1.663, 'grad_norm': 2.5625, 'learning_rate': 1.493896993152724e-05, 'epoch': 0.25}
{'loss': 1.6684, 'grad_norm': 2.625, 'learning_rate': 1.4641262280440609e-05, 'epoch': 0.27}
{'loss': 1.6642, 'grad_norm': 2.609375, 'learning_rate': 1.4343554629353976e-05, 'epoch': 0.28}
{'loss': 1.6614, 'grad_norm': 2.65625, 'learning_rate': 1.4045846978267344e-05, 'epoch': 0.3}
{'loss': 1.6584, 'grad_norm': 2.796875, 'learning_rate': 1.3748139327180709e-05, 'epoch': 0.31}
{'loss': 1.6574, 'grad_norm': 2.671875, 'learning_rate': 1.3450431676094076e-05, 'epoch': 0.33}
{'loss': 1.6575, 'grad_norm': 2.625, 'learning_rate': 1.3152724025007444e-05, 'epoch': 0.34}
{'loss': 1.6691, 'grad_norm': 2.671875, 'learning_rate': 1.285501637392081e-05, 'epoch': 0.36}
{'loss': 1.6623, 'grad_norm': 2.6875, 'learning_rate': 1.2557308722834178e-05, 'epoch': 0.37}
{'loss': 1.6644, 'grad_norm': 2.8125, 'learning_rate': 1.2259601071747544e-05, 'epoch': 0.39}
{'loss': 1.6621, 'grad_norm': 2.75, 'learning_rate': 1.1961893420660913e-05, 'epoch': 0.4}
{'loss': 1.6654, 'grad_norm': 2.78125, 'learning_rate': 1.166418576957428e-05, 'epoch': 0.42}
{'loss': 1.6651, 'grad_norm': 2.609375, 'learning_rate': 1.1366478118487648e-05, 'epoch': 0.43}
{'loss': 1.6545, 'grad_norm': 2.609375, 'learning_rate': 1.1068770467401013e-05, 'epoch': 0.45}
{'loss': 1.6579, 'grad_norm': 2.59375, 'learning_rate': 1.077106281631438e-05, 'epoch': 0.46}
{'loss': 1.6645, 'grad_norm': 2.6875, 'learning_rate': 1.0473355165227748e-05, 'epoch': 0.48}
{'loss': 1.6599, 'grad_norm': 2.6875, 'learning_rate': 1.0175647514141113e-05, 'epoch': 0.49}
{'loss': 1.6556, 'grad_norm': 2.625, 'learning_rate': 9.877939863054481e-06, 'epoch': 0.51}
{'loss': 1.6551, 'grad_norm': 2.640625, 'learning_rate': 9.580232211967848e-06, 'epoch': 0.52}
{'loss': 1.6646, 'grad_norm': 2.765625, 'learning_rate': 9.282524560881215e-06, 'epoch': 0.54}
{'loss': 1.6579, 'grad_norm': 2.71875, 'learning_rate': 8.984816909794583e-06, 'epoch': 0.55}
{'loss': 1.6611, 'grad_norm': 2.609375, 'learning_rate': 8.68710925870795e-06, 'epoch': 0.57}
{'loss': 1.6645, 'grad_norm': 2.5625, 'learning_rate': 8.389401607621317e-06, 'epoch': 0.58}
{'loss': 1.6611, 'grad_norm': 2.625, 'learning_rate': 8.091693956534685e-06, 'epoch': 0.6}
{'loss': 1.6627, 'grad_norm': 2.828125, 'learning_rate': 7.79398630544805e-06, 'epoch': 0.61}
{'loss': 1.6587, 'grad_norm': 2.734375, 'learning_rate': 7.4962786543614175e-06, 'epoch': 0.63}
{'loss': 1.6518, 'grad_norm': 2.78125, 'learning_rate': 7.198571003274785e-06, 'epoch': 0.64}
{'loss': 1.6538, 'grad_norm': 2.765625, 'learning_rate': 6.900863352188152e-06, 'epoch': 0.65}
{'loss': 1.6581, 'grad_norm': 2.625, 'learning_rate': 6.603155701101519e-06, 'epoch': 0.67}
{'loss': 1.6592, 'grad_norm': 2.734375, 'learning_rate': 6.305448050014886e-06, 'epoch': 0.68}
{'loss': 1.6618, 'grad_norm': 3.15625, 'learning_rate': 6.0077403989282536e-06, 'epoch': 0.7}
{'loss': 1.6518, 'grad_norm': 2.65625, 'learning_rate': 5.710032747841619e-06, 'epoch': 0.71}
{'loss': 1.6572, 'grad_norm': 2.515625, 'learning_rate': 5.412325096754987e-06, 'epoch': 0.73}
{'loss': 1.6473, 'grad_norm': 2.734375, 'learning_rate': 5.114617445668354e-06, 'epoch': 0.74}
{'loss': 1.6531, 'grad_norm': 2.78125, 'learning_rate': 4.816909794581721e-06, 'epoch': 0.76}
{'loss': 1.6561, 'grad_norm': 2.703125, 'learning_rate': 4.519202143495089e-06, 'epoch': 0.77}
{'loss': 1.6563, 'grad_norm': 2.796875, 'learning_rate': 4.221494492408455e-06, 'epoch': 0.79}
{'loss': 1.6553, 'grad_norm': 2.703125, 'learning_rate': 3.923786841321822e-06, 'epoch': 0.8}
{'loss': 1.6592, 'grad_norm': 2.640625, 'learning_rate': 3.6260791902351893e-06, 'epoch': 0.82}
{'loss': 1.6533, 'grad_norm': 2.78125, 'learning_rate': 3.3283715391485564e-06, 'epoch': 0.83}
{'loss': 1.6605, 'grad_norm': 2.59375, 'learning_rate': 3.030663888061923e-06, 'epoch': 0.85}
{'loss': 1.6566, 'grad_norm': 2.828125, 'learning_rate': 2.7329562369752902e-06, 'epoch': 0.86}
{'loss': 1.656, 'grad_norm': 2.875, 'learning_rate': 2.4352485858886578e-06, 'epoch': 0.88}
{'loss': 1.6612, 'grad_norm': 2.828125, 'learning_rate': 2.1375409348020245e-06, 'epoch': 0.89}
{'loss': 1.6526, 'grad_norm': 2.578125, 'learning_rate': 1.8398332837153918e-06, 'epoch': 0.91}
{'loss': 1.656, 'grad_norm': 2.65625, 'learning_rate': 1.5421256326287587e-06, 'epoch': 0.92}
{'loss': 1.6573, 'grad_norm': 2.5, 'learning_rate': 1.2444179815421257e-06, 'epoch': 0.94}
{'loss': 1.6588, 'grad_norm': 2.8125, 'learning_rate': 9.467103304554928e-07, 'epoch': 0.95}
{'loss': 1.6526, 'grad_norm': 2.625, 'learning_rate': 6.490026793688599e-07, 'epoch': 0.97}
{'loss': 1.6519, 'grad_norm': 2.75, 'learning_rate': 3.5129502828222687e-07, 'epoch': 0.98}
{'loss': 1.6552, 'grad_norm': 2.71875, 'learning_rate': 5.358737719559393e-08, 'epoch': 1.0}
{'eval_loss': 1.6579065322875977, 'eval_runtime': 556.814, 'eval_samples_per_second': 160.872, 'eval_steps_per_second': 40.218, 'epoch': 1.0}
{'train_runtime': 27692.3489, 'train_samples_per_second': 29.112, 'train_steps_per_second': 1.213, 'train_loss': 1.664602379942267, 'epoch': 1.0}
Training complete. Model and tokenizer saved at: sft_20241128_175045_sid
